2022-05-15 20:19:31.158  INFO 22680 --- [main] debate.league.DebateLeagueApplication    : Starting DebateLeagueApplication v0.0.1-SNAPSHOT using Java 11.0.5 on harshvardhan-HP-Pavilion-Gaming-Laptop-15-cx0xxx with PID 22680 (/home/harshvardhan/temp/DebateLeagueBackend/target/debate_league-0.0.1-SNAPSHOT.jar started by harshvardhan in /home/harshvardhan/temp/DebateLeagueBackend)
2022-05-15 20:19:31.160  INFO 22680 --- [main] debate.league.DebateLeagueApplication    : No active profile set, falling back to 1 default profile: "default"
2022-05-15 20:19:31.726  INFO 22680 --- [main] .s.d.r.c.RepositoryConfigurationDelegate : Bootstrapping Spring Data JPA repositories in DEFAULT mode.
2022-05-15 20:19:31.787  INFO 22680 --- [main] .s.d.r.c.RepositoryConfigurationDelegate : Finished Spring Data repository scanning in 51 ms. Found 4 JPA repository interfaces.
2022-05-15 20:19:32.334  INFO 22680 --- [main] o.s.b.w.embedded.tomcat.TomcatWebServer  : Tomcat initialized with port(s): 3100 (http)
2022-05-15 20:19:32.343  INFO 22680 --- [main] o.apache.catalina.core.StandardService   : Starting service [Tomcat]
2022-05-15 20:19:32.343  INFO 22680 --- [main] org.apache.catalina.core.StandardEngine  : Starting Servlet engine: [Apache Tomcat/9.0.58]
2022-05-15 20:19:32.381  INFO 22680 --- [main] o.a.c.c.C.[Tomcat].[localhost].[/]       : Initializing Spring embedded WebApplicationContext
2022-05-15 20:19:32.381  INFO 22680 --- [main] w.s.c.ServletWebServerApplicationContext : Root WebApplicationContext: initialization completed in 1164 ms
2022-05-15 20:19:32.435  WARN 22680 --- [main] JpaBaseConfiguration$JpaWebConfiguration : spring.jpa.open-in-view is enabled by default. Therefore, database queries may be performed during view rendering. Explicitly configure spring.jpa.open-in-view to disable this warning
2022-05-15 20:19:32.535  INFO 22680 --- [main] o.hibernate.jpa.internal.util.LogHelper  : HHH000204: Processing PersistenceUnitInfo [name: default]
2022-05-15 20:19:32.582  INFO 22680 --- [main] org.hibernate.Version                    : HHH000412: Hibernate ORM core version 5.6.5.Final
2022-05-15 20:19:32.732  INFO 22680 --- [main] o.hibernate.annotations.common.Version   : HCANN000001: Hibernate Commons Annotations {5.1.2.Final}
2022-05-15 20:19:32.819  INFO 22680 --- [main] com.zaxxer.hikari.HikariDataSource       : HikariPool-1 - Starting...
2022-05-15 20:19:33.282  INFO 22680 --- [main] com.zaxxer.hikari.HikariDataSource       : HikariPool-1 - Start completed.
2022-05-15 20:19:33.358  INFO 22680 --- [main] org.hibernate.dialect.Dialect            : HHH000400: Using dialect: org.hibernate.dialect.MySQL8Dialect
2022-05-15 20:19:34.254  INFO 22680 --- [main] o.h.e.t.j.p.i.JtaPlatformInitiator       : HHH000490: Using JtaPlatform implementation: [org.hibernate.engine.transaction.jta.platform.internal.NoJtaPlatform]
2022-05-15 20:19:34.262  INFO 22680 --- [main] j.LocalContainerEntityManagerFactoryBean : Initialized JPA EntityManagerFactory for persistence unit 'default'
2022-05-15 20:19:34.926  INFO 22680 --- [main] o.s.s.web.DefaultSecurityFilterChain     : Will secure any request with [org.springframework.security.web.context.request.async.WebAsyncManagerIntegrationFilter@76fe6cdc, org.springframework.security.web.context.SecurityContextPersistenceFilter@5e5aafc6, org.springframework.security.web.header.HeaderWriterFilter@4fe533ff, org.springframework.web.filter.CorsFilter@2ffb3aec, org.springframework.security.web.authentication.logout.LogoutFilter@7c0777b5, debate.league.security.JwtFilter@3337d04c, org.springframework.security.web.savedrequest.RequestCacheAwareFilter@5583098b, org.springframework.security.web.servletapi.SecurityContextHolderAwareRequestFilter@7ce85af2, org.springframework.security.web.authentication.AnonymousAuthenticationFilter@786ff1cb, org.springframework.security.web.session.SessionManagementFilter@5d5b9ecb, org.springframework.security.web.access.ExceptionTranslationFilter@57c00115, org.springframework.security.web.access.intercept.FilterSecurityInterceptor@1e692555]
2022-05-15 20:19:35.117  INFO 22680 --- [main] o.s.b.w.embedded.tomcat.TomcatWebServer  : Tomcat started on port(s): 3100 (http) with context path ''
2022-05-15 20:19:35.123  INFO 22680 --- [main] debate.league.DebateLeagueApplication    : Started DebateLeagueApplication in 4.323 seconds (JVM running for 4.737)
2022-05-15 20:19:58.651  INFO 22680 --- [SpringApplicationShutdownHook] j.LocalContainerEntityManagerFactoryBean : Closing JPA EntityManagerFactory for persistence unit 'default'
2022-05-15 20:19:58.652  INFO 22680 --- [SpringApplicationShutdownHook] com.zaxxer.hikari.HikariDataSource       : HikariPool-1 - Shutdown initiated...
2022-05-15 20:19:58.659  INFO 22680 --- [SpringApplicationShutdownHook] com.zaxxer.hikari.HikariDataSource       : HikariPool-1 - Shutdown completed.
